/*C22*/SET SCHEMA PUBLIC
DELETE FROM STUDENT_CLASSES WHERE STUDENT_ID=9 AND CLASS_ID=1
COMMIT
/*C21*/SET SCHEMA PUBLIC
INSERT INTO STUDENT_CLASSES VALUES(1,1)
COMMIT
/*C20*/SET SCHEMA PUBLIC
DELETE FROM ASSIGNMENT WHERE ID=4
DELETE FROM GRADE WHERE ID=5
DELETE FROM GRADE WHERE ID=9
DELETE FROM GRADE WHERE ID=15
DELETE FROM GRADE WHERE ID=20
DELETE FROM GRADE WHERE ID=24
DELETE FROM GRADE WHERE ID=26
DELETE FROM GRADE WHERE ID=32
DELETE FROM GRADE WHERE ID=35
COMMIT
DELETE FROM STUDENT_CLASSES WHERE STUDENT_ID=2 AND CLASS_ID=2
COMMIT
DELETE FROM STUDENT_CLASSES WHERE STUDENT_ID=3 AND CLASS_ID=2
COMMIT
DELETE FROM STUDENT_CLASSES WHERE STUDENT_ID=4 AND CLASS_ID=2
COMMIT
DELETE FROM STUDENT_CLASSES WHERE STUDENT_ID=5 AND CLASS_ID=2
COMMIT
DELETE FROM STUDENT_CLASSES WHERE STUDENT_ID=6 AND CLASS_ID=2
COMMIT
DELETE FROM STUDENT_CLASSES WHERE STUDENT_ID=7 AND CLASS_ID=2
COMMIT
DELETE FROM STUDENT_CLASSES WHERE STUDENT_ID=8 AND CLASS_ID=2
COMMIT
DELETE FROM STUDENT_CLASSES WHERE STUDENT_ID=1 AND CLASS_ID=1
COMMIT
DISCONNECT
/*C21*/DISCONNECT
/*C22*/DISCONNECT
/*C19*/SET SCHEMA PUBLIC
DISCONNECT
/*C18*/SET SCHEMA PUBLIC
DISCONNECT
/*C17*/SET SCHEMA PUBLIC
DISCONNECT
/*C16*/SET SCHEMA PUBLIC
DISCONNECT
/*C15*/SET SCHEMA PUBLIC
DISCONNECT
/*C14*/SET SCHEMA PUBLIC
DISCONNECT
/*C13*/SET SCHEMA PUBLIC
DISCONNECT
